#
# A fatal error has been detected by the Java Runtime Environment:
#
#  Internal Error (javaCalls.cpp:51), pid=13412, tid=0x0000000000000208
#  guarantee(thread->is_Java_thread()) failed: crucial check - the VM thread cannot and must not escape to Java code
#
# JRE version: Java(TM) SE Runtime Environment (8.0_201-b09) (build 1.8.0_201-b09)
# Java VM: Java HotSpot(TM) 64-Bit Server VM (25.201-b09 mixed mode windows-amd64 compressed oops)
# Failed to write core dump. Minidumps are not enabled by default on client versions of Windows
#
# If you would like to submit a bug report, please visit:
#   http://bugreport.java.com/bugreport/crash.jsp
#

---------------  T H R E A D  ---------------

Current thread (0x0000000017ea9800):  VMThread [stack: 0x0000000019ba0000,0x0000000019ca0000] [id=520]

Stack: [0x0000000019ba0000,0x0000000019ca0000]
[error occurred during error reporting (printing stack bounds), id 0xc0000005]

Native frames: (J=compiled Java code, j=interpreted, Vv=VM code, C=native code)

VM_Operation (0x000000001a59f7a0): GetOrSetLocal, mode: safepoint, requested by thread 0x0000000019e31000


---------------  P R O C E S S  ---------------

Java Threads: ( => current thread )
  0x0000000019f59800 JavaThread "Service Thread" daemon [_thread_blocked, id=12340, stack(0x000000001aba0000,0x000000001aca0000)]
  0x0000000019eca800 JavaThread "C1 CompilerThread3" daemon [_thread_blocked, id=12300, stack(0x000000001aaa0000,0x000000001aba0000)]
  0x0000000019ec8000 JavaThread "C2 CompilerThread2" daemon [_thread_blocked, id=9416, stack(0x000000001a9a0000,0x000000001aaa0000)]
  0x0000000019ec3000 JavaThread "C2 CompilerThread1" daemon [_thread_blocked, id=4052, stack(0x000000001a8a0000,0x000000001a9a0000)]
  0x0000000019ec0000 JavaThread "C2 CompilerThread0" daemon [_thread_blocked, id=8896, stack(0x000000001a7a0000,0x000000001a8a0000)]
  0x0000000019e3e000 JavaThread "JDWP Command Reader" daemon [_thread_in_native, id=15580, stack(0x000000001a6a0000,0x000000001a7a0000)]
  0x0000000019e3d000 JavaThread "JDWP Event Helper Thread" daemon [_thread_blocked, id=10116, stack(0x000000001a5a0000,0x000000001a6a0000)]
  0x0000000019e31000 JavaThread "JDWP Transport Listener: dt_socket" daemon [_thread_blocked, id=9912, stack(0x000000001a4a0000,0x000000001a5a0000)]
  0x0000000019e26800 JavaThread "Attach Listener" daemon [_thread_blocked, id=3312, stack(0x000000001a3a0000,0x000000001a4a0000)]
  0x0000000019e25800 JavaThread "Signal Dispatcher" daemon [_thread_blocked, id=11796, stack(0x000000001a2a0000,0x000000001a3a0000)]
  0x0000000019dc0800 JavaThread "Finalizer" daemon [_thread_blocked, id=6808, stack(0x000000001a1a0000,0x000000001a2a0000)]
  0x0000000017eac800 JavaThread "Reference Handler" daemon [_thread_blocked, id=12412, stack(0x0000000019ca0000,0x0000000019da0000)]
  0x0000000002e12800 JavaThread "main" [_thread_blocked, id=12460, stack(0x0000000002ad0000,0x0000000002bd0000)]

Other Threads:
=>0x0000000017ea9800 VMThread [stack: 0x0000000019ba0000,0x0000000019ca0000] [id=520]
  0x0000000019ed6000 WatcherThread [stack: 0x000000001aca0000,0x000000001ada0000] [id=12580]

VM state:at safepoint (normal execution)

VM Mutex/Monitor currently owned by a thread:  ([mutex/lock_event])
[0x0000000002c2d970] Threads_lock - owner thread: 0x0000000017ea9800

heap address: 0x0000000081800000, size: 2024 MB, Compressed Oops mode: 32-bit
Narrow klass base: 0x0000000000000000, Narrow klass shift: 3
Compressed class space size: 1073741824 Address: 0x0000000100000000

Heap:
 PSYoungGen      total 38400K, used 6681K [0x00000000d5d80000, 0x00000000d8800000, 0x0000000100000000)
  eden space 33280K, 20% used [0x00000000d5d80000,0x00000000d6406780,0x00000000d7e00000)
  from space 5120K, 0% used [0x00000000d8300000,0x00000000d8300000,0x00000000d8800000)
  to   space 5120K, 0% used [0x00000000d7e00000,0x00000000d7e00000,0x00000000d8300000)
 ParOldGen       total 87552K, used 0K [0x0000000081800000, 0x0000000086d80000, 0x00000000d5d80000)
  object space 87552K, 0% used [0x0000000081800000,0x0000000081800000,0x0000000086d80000)
 Metaspace       used 5366K, capacity 5468K, committed 5504K, reserved 1056768K
  class space    used 587K, capacity 627K, committed 640K, reserved 1048576K

Card table byte_map: [0x00000000122d0000,0x00000000126d0000] byte_map_base: 0x0000000011ec4000

Marking Bits: (ParMarkBitMap*) 0x0000000068814ce0
 Begin Bits: [0x0000000013180000, 0x0000000015120000)
 End Bits:   [0x0000000015120000, 0x00000000170c0000)

Polling page: 0x0000000002730000

CodeCache: size=245760Kb used=1457Kb max_used=1457Kb free=244302Kb
 bounds [0x0000000002f10000, 0x0000000003180000, 0x0000000011f10000]
 total_blobs=441 nmethods=148 adapters=214
 compilation: enabled

Compilation events (10 events):
Event: 1093.090 Thread 0x0000000019eca800  148       3       org.eclipse.jdt.launching.internal.org.objectweb.asm.ByteVector::encodeUtf8 (337 bytes)
Event: 1093.093 Thread 0x0000000019eca800 nmethod 148 0x0000000003073b90 code [0x0000000003073de0, 0x0000000003074af8]
Event: 1093.093 Thread 0x0000000019eca800  144       3       org.eclipse.jdt.launching.internal.org.objectweb.asm.MethodWriter::visitLdcInsn (215 bytes)
Event: 1093.095 Thread 0x0000000019eca800 nmethod 144 0x0000000003075590 code [0x00000000030757a0, 0x0000000003076278]
Event: 1093.095 Thread 0x0000000019eca800  146       3       org.eclipse.jdt.launching.internal.org.objectweb.asm.SymbolTable::addConstant (330 bytes)
Event: 1093.103 Thread 0x0000000019eca800 nmethod 146 0x0000000003076750 code [0x0000000003076ce0, 0x000000000307b448]
Event: 1093.103 Thread 0x0000000019eca800  147       3       org.eclipse.jdt.launching.internal.org.objectweb.asm.SymbolTable::addConstantString (8 bytes)
Event: 1093.103 Thread 0x0000000019eca800 nmethod 147 0x000000000307c790 code [0x000000000307c900, 0x000000000307caa8]
Event: 1093.103 Thread 0x0000000019eca800  145       3       org.eclipse.jdt.launching.internal.org.objectweb.asm.ByteVector::put11 (52 bytes)
Event: 1093.104 Thread 0x0000000019eca800 nmethod 145 0x000000000307cb50 code [0x000000000307ccc0, 0x000000000307cf28]

GC Heap History (0 events):
No events

Deoptimization events (0 events):
No events

Classes redefined (6 events):
Event: 56.816 Thread 0x0000000017ea9800 redefined class name=Main, count=1
Event: 186.766 Thread 0x0000000017ea9800 redefined class name=Main, count=2
Event: 217.857 Thread 0x0000000017ea9800 redefined class name=Main, count=3
Event: 265.073 Thread 0x0000000017ea9800 redefined class name=Main, count=4
Event: 464.360 Thread 0x0000000017ea9800 redefined class name=Main, count=5
Event: 898.981 Thread 0x0000000017ea9800 redefined class name=Main, count=6

Internal exceptions (6 events):
Event: 0.370 Thread 0x0000000002e12800 Exception <a 'java/lang/NoSuchMethodError': Method sun.misc.Unsafe.defineClass(Ljava/lang/String;[BII)Ljava/lang/Class; name or signature does not match> (0x00000000d5d87cb0) thrown at [C:\re\workspace\8-2-build-windows-amd64-cygwin\jdk8u201\12322\hotspot
Event: 0.370 Thread 0x0000000002e12800 Exception <a 'java/lang/NoSuchMethodError': Method sun.misc.Unsafe.prefetchRead(Ljava/lang/Object;J)V name or signature does not match> (0x00000000d5d87f98) thrown at [C:\re\workspace\8-2-build-windows-amd64-cygwin\jdk8u201\12322\hotspot\src\share\vm\prim
Event: 1093.021 Thread 0x0000000002e12800 Exception <a 'java/security/PrivilegedActionException'> (0x00000000d635fc88) thrown at [C:\re\workspace\8-2-build-windows-amd64-cygwin\jdk8u201\12322\hotspot\src\share\vm\prims\jvm.cpp, line 1502]
Event: 1093.021 Thread 0x0000000002e12800 Exception <a 'java/security/PrivilegedActionException'> (0x00000000d6360090) thrown at [C:\re\workspace\8-2-build-windows-amd64-cygwin\jdk8u201\12322\hotspot\src\share\vm\prims\jvm.cpp, line 1502]
Event: 1093.024 Thread 0x0000000002e12800 Exception <a 'java/security/PrivilegedActionException'> (0x00000000d63621a8) thrown at [C:\re\workspace\8-2-build-windows-amd64-cygwin\jdk8u201\12322\hotspot\src\share\vm\prims\jvm.cpp, line 1502]
Event: 1093.024 Thread 0x0000000002e12800 Exception <a 'java/security/PrivilegedActionException'> (0x00000000d63625a0) thrown at [C:\re\workspace\8-2-build-windows-amd64-cygwin\jdk8u201\12322\hotspot\src\share\vm\prims\jvm.cpp, line 1502]

Events (10 events):
Event: 1093.100 Executing VM operation: GetCurrentContendedMonitor done
Event: 1093.123 Executing VM operation: GetCurrentContendedMonitor
Event: 1093.123 Executing VM operation: GetCurrentContendedMonitor done
Event: 1093.124 Executing VM operation: GetOwnedMonitorInfo
Event: 1093.124 Executing VM operation: GetOwnedMonitorInfo done
Event: 1093.600 Executing VM operation: GetOwnedMonitorInfo
Event: 1093.600 Executing VM operation: GetOwnedMonitorInfo done
Event: 1093.600 Executing VM operation: GetCurrentContendedMonitor
Event: 1093.601 Executing VM operation: GetCurrentContendedMonitor done
Event: 1093.636 Executing VM operation: GetOrSetLocal


Dynamic libraries:
0x00007ff6e2fd0000 - 0x00007ff6e3007000 	E:\java\jdk\bin\javaw.exe
0x00007ff88ad50000 - 0x00007ff88af31000 	C:\Windows\SYSTEM32\ntdll.dll
0x00007ff889980000 - 0x00007ff889a32000 	C:\Windows\System32\KERNEL32.DLL
0x00007ff887210000 - 0x00007ff887483000 	C:\Windows\System32\KERNELBASE.dll
0x00007ff88abe0000 - 0x00007ff88ac81000 	C:\Windows\System32\ADVAPI32.dll
0x00007ff889e00000 - 0x00007ff889e9e000 	C:\Windows\System32\msvcrt.dll
0x00007ff889470000 - 0x00007ff8894cb000 	C:\Windows\System32\sechost.dll
0x00007ff88a990000 - 0x00007ff88aab4000 	C:\Windows\System32\RPCRT4.dll
0x00007ff889ed0000 - 0x00007ff88a060000 	C:\Windows\System32\USER32.dll
0x00007ff886e20000 - 0x00007ff886e40000 	C:\Windows\System32\win32u.dll
0x00007ff88abb0000 - 0x00007ff88abd8000 	C:\Windows\System32\GDI32.dll
0x00007ff887550000 - 0x00007ff8876e2000 	C:\Windows\System32\gdi32full.dll
0x00007ff886e90000 - 0x00007ff886f2f000 	C:\Windows\System32\msvcp_win.dll
0x00007ff887e60000 - 0x00007ff887f58000 	C:\Windows\System32\ucrtbase.dll
0x00007ff876ac0000 - 0x00007ff876d29000 	C:\Windows\WinSxS\amd64_microsoft.windows.common-controls_6595b64144ccf1df_6.0.17134.648_none_fb45a0e93062a6d2\COMCTL32.dll
0x00007ff88a660000 - 0x00007ff88a982000 	C:\Windows\System32\combase.dll
0x00007ff887f60000 - 0x00007ff887fda000 	C:\Windows\System32\bcryptPrimitives.dll
0x00007ff889ea0000 - 0x00007ff889ecd000 	C:\Windows\System32\IMM32.DLL
0x000000006a030000 - 0x000000006a101000 	E:\java\jdk\bin\msvcr100.dll
0x0000000067ff0000 - 0x0000000068894000 	E:\java\jdk\bin\server\jvm.dll
0x00007ff886f30000 - 0x00007ff886f53000 	C:\Windows\System32\WINMM.dll
0x00007ff886d80000 - 0x00007ff886daa000 	C:\Windows\System32\WINMMBASE.dll
0x00007ff886e40000 - 0x00007ff886e89000 	C:\Windows\System32\cfgmgr32.dll
0x00007ff88aba0000 - 0x00007ff88aba8000 	C:\Windows\System32\PSAPI.DLL
0x00007ff87b960000 - 0x00007ff87b969000 	C:\Windows\SYSTEM32\WSOCK32.dll
0x00007ff87cca0000 - 0x00007ff87ccaa000 	C:\Windows\SYSTEM32\VERSION.dll
0x00007ff889d80000 - 0x00007ff889dec000 	C:\Windows\System32\WS2_32.dll
0x00007ff877800000 - 0x00007ff87780f000 	E:\java\jdk\bin\verify.dll
0x00007ff8759d0000 - 0x00007ff8759f9000 	E:\java\jdk\bin\java.dll
0x00007ff85ca90000 - 0x00007ff85cac5000 	E:\java\jdk\bin\jdwp.dll
0x00007ff87bf80000 - 0x00007ff87bf88000 	E:\java\jdk\bin\npt.dll
0x00007ff85ca60000 - 0x00007ff85ca83000 	E:\java\jdk\bin\instrument.dll
0x00007ff875a20000 - 0x00007ff875a36000 	E:\java\jdk\bin\zip.dll
0x00007ff888030000 - 0x00007ff889470000 	C:\Windows\System32\SHELL32.dll
0x00007ff889b60000 - 0x00007ff889c09000 	C:\Windows\System32\shcore.dll
0x00007ff8876f0000 - 0x00007ff887dfd000 	C:\Windows\System32\windows.storage.dll
0x00007ff88a600000 - 0x00007ff88a651000 	C:\Windows\System32\shlwapi.dll
0x00007ff886de0000 - 0x00007ff886df1000 	C:\Windows\System32\kernel.appcore.dll
0x00007ff886db0000 - 0x00007ff886dcf000 	C:\Windows\System32\profapi.dll
0x00007ff887fe0000 - 0x00007ff88802c000 	C:\Windows\System32\powrprof.dll
0x00007ff886dd0000 - 0x00007ff886dda000 	C:\Windows\System32\FLTLIB.DLL
0x00007ff8728f0000 - 0x00007ff8728f9000 	E:\java\jdk\bin\dt_socket.dll
0x00007ff848200000 - 0x00007ff848216000 	C:\Windows\system32\napinsp.dll
0x00007ff847d00000 - 0x00007ff847d1a000 	C:\Windows\system32\pnrpnsp.dll
0x00007ff87f5a0000 - 0x00007ff87f5b9000 	C:\Windows\system32\NLAapi.dll
0x00007ff8865e0000 - 0x00007ff886646000 	C:\Windows\System32\mswsock.dll
0x00007ff8863a0000 - 0x00007ff88645e000 	C:\Windows\SYSTEM32\DNSAPI.dll
0x00007ff889df0000 - 0x00007ff889df8000 	C:\Windows\System32\NSI.dll
0x00007ff886360000 - 0x00007ff886398000 	C:\Windows\SYSTEM32\IPHLPAPI.DLL
0x00007ff847cf0000 - 0x00007ff847cfe000 	C:\Windows\System32\winrnr.dll
0x00007ff865e20000 - 0x00007ff865e35000 	C:\Windows\System32\wshbth.dll
0x00007ff8717f0000 - 0x00007ff871862000 	C:\Windows\System32\fwpuclnt.dll
0x00007ff8868c0000 - 0x00007ff8868e5000 	C:\Windows\SYSTEM32\bcrypt.dll
0x00007ff873f20000 - 0x00007ff873f2a000 	C:\Windows\System32\rasadhlp.dll

VM Arguments:
jvm_args: -agentlib:jdwp=transport=dt_socket,suspend=y,address=localhost:63071 -javaagent:E:\eclipse\eclipse\configuration\org.eclipse.osgi\221\0\.cp\lib\javaagent-shaded.jar -Dfile.encoding=GBK 
java_command: Main
java_class_path (initial): E:\eclipse\java\bin;E:\eclipse\eclipse\configuration\org.eclipse.osgi\221\0\.cp\lib\javaagent-shaded.jar
Launcher Type: SUN_STANDARD

Environment Variables:
JAVA_HOME=E:\java\jdk
CLASSPATH=E:\java\jdk\bin;E:\java\jdk\jre\bin;
PATH=E:/java/jdk/bin/server;E:/java/jdk/bin;E:/java/jdk/lib/amd64;C:\Program Files\Microsoft SQL Server\Client SDK\ODBC\130\Tools\Binn\;C:\Program Files (x86)\Microsoft SQL Server\140\Tools\Binn\;C:\Program Files\Microsoft SQL Server\140\Tools\Binn\;C:\Program Files\Microsoft SQL Server\140\DTS\Binn\;C:\Program Files (x86)\Microsoft SQL Server\Client SDK\ODBC\130\Tools\Binn\;C:\Program Files (x86)\Microsoft SQL Server\140\DTS\Binn\;C:\Program Files (x86)\Microsoft SQL Server\140\Tools\Binn\ManagementStudio\;E:\java\bin;E:\Python\Scripts\;E:\Python\;C:\Users\14498\AppData\Local\Microsoft\WindowsApps;;C:\Windows\System32;
USERNAME=14498
OS=Windows_NT
PROCESSOR_IDENTIFIER=Intel64 Family 6 Model 142 Stepping 10, GenuineIntel



---------------  S Y S T E M  ---------------

OS: Windows 10.0 , 64 bit Build 17134 (10.0.17134.648)

CPU:total 8 (initial active 8) (4 cores per cpu, 2 threads per core) family 6 model 142 stepping 10, cmov, cx8, fxsr, mmx, sse, sse2, sse3, ssse3, sse4.1, sse4.2, popcnt, avx, avx2, aes, clmul, erms, 3dnowpref, lzcnt, ht, tsc, tscinvbit, bmi1, bmi2, adx

Memory: 4k page, physical 8283460k(3686864k free), swap 14189936k(2763324k free)

vm_info: Java HotSpot(TM) 64-Bit Server VM (25.201-b09) for windows-amd64 JRE (1.8.0_201-b09), built on Dec 15 2018 18:36:39 by "java_re" with MS VC++ 10.0 (VS2010)

time: Tue Mar 26 10:38:26 2019
timezone: 中国标准时间
elapsed time: 1093 seconds (0d 0h 18m 13s)

